### Starting TaskPrologue of job 993777 on tg095 at Thu 13 Feb 2025 06:42:11 PM CET
Running on cores 0-31 with governor ondemand
Thu Feb 13 18:42:11 2025       
+-----------------------------------------------------------------------------------------+
| NVIDIA-SMI 570.86.15              Driver Version: 570.86.15      CUDA Version: 12.8     |
|-----------------------------------------+------------------------+----------------------+
| GPU  Name                 Persistence-M | Bus-Id          Disp.A | Volatile Uncorr. ECC |
| Fan  Temp   Perf          Pwr:Usage/Cap |           Memory-Usage | GPU-Util  Compute M. |
|                                         |                        |               MIG M. |
|=========================================+========================+======================|
|   0  NVIDIA A100-SXM4-40GB          On  |   00000000:01:00.0 Off |                    0 |
| N/A   41C    P0             53W /  400W |       1MiB /  40960MiB |      0%      Default |
|                                         |                        |             Disabled |
+-----------------------------------------+------------------------+----------------------+
                                                                                         
+-----------------------------------------------------------------------------------------+
| Processes:                                                                              |
|  GPU   GI   CI              PID   Type   Process name                        GPU Memory |
|        ID   ID                                                               Usage      |
|=========================================================================================|
|  No running processes found                                                             |
+-----------------------------------------------------------------------------------------+
### Finished TaskPrologue

[07;1;31;43m WARNING: You are over quota on at least one filesystem![0m
    Path              Used     SoftQ    HardQ    Gracetime  Filecount  FileQuota  FileHardQ  FileGrace    
[07;1;31;43m!!! /home/hpc          129.7G   104.9G   209.7G  -29572days     213K     500K   1,000K        N/A !!![0m
