### Starting TaskPrologue of job 993517 on tg090 at Thu 13 Feb 2025 12:09:11 AM CET
Running on cores 64-95 with governor ondemand
Thu Feb 13 00:09:11 2025       
+-----------------------------------------------------------------------------------------+
| NVIDIA-SMI 560.35.03              Driver Version: 560.35.03      CUDA Version: 12.6     |
|-----------------------------------------+------------------------+----------------------+
| GPU  Name                 Persistence-M | Bus-Id          Disp.A | Volatile Uncorr. ECC |
| Fan  Temp   Perf          Pwr:Usage/Cap |           Memory-Usage | GPU-Util  Compute M. |
|                                         |                        |               MIG M. |
|=========================================+========================+======================|
|   0  NVIDIA A100-SXM4-40GB          On  |   00000000:81:00.0 Off |                    0 |
| N/A   37C    P0             56W /  400W |       1MiB /  40960MiB |      0%      Default |
|                                         |                        |             Disabled |
+-----------------------------------------+------------------------+----------------------+
                                                                                         
+-----------------------------------------------------------------------------------------+
| Processes:                                                                              |
|  GPU   GI   CI        PID   Type   Process name                              GPU Memory |
|        ID   ID                                                               Usage      |
|=========================================================================================|
|  No running processes found                                                             |
+-----------------------------------------------------------------------------------------+
### Finished TaskPrologue

[07;1;31;43m WARNING: You are over quota on at least one filesystem![0m
    Path              Used     SoftQ    HardQ    Gracetime  Filecount  FileQuota  FileHardQ  FileGrace    
[07;1;31;43m!!! /home/hpc          129.7G   104.9G   209.7G  -29572days     212K     500K   1,000K        N/A !!![0m
